<?xml version="1.0" encoding="UTF-8"?>
<testng-results ignored="0" total="1" passed="1" failed="0" skipped="0">
  <reporter-output>
  </reporter-output>
  <suite started-at="2024-12-28T12:31:34 IST" name="Default suite" finished-at="2024-12-28T12:31:34 IST" duration-ms="38">
    <groups>
    </groups>
    <test started-at="2024-12-28T12:31:34 IST" name="Default test" finished-at="2024-12-28T12:31:34 IST" duration-ms="38">
      <class name="Drivers.TestNGSimpleTest">
        <test-method signature="testAdd()[pri:0, instance:Drivers.TestNGSimpleTest@14cd1699]" started-at="2024-12-28T12:31:34 IST" name="testAdd" finished-at="2024-12-28T12:31:34 IST" duration-ms="12" status="PASS">
          <reporter-output>
          </reporter-output>
        </test-method> <!-- testAdd -->
      </class> <!-- Drivers.TestNGSimpleTest -->
    </test> <!-- Default test -->
  </suite> <!-- Default suite -->
</testng-results>
